App 3835263 output: node:internal/modules/cjs/loader:1340
App 3835263 output:   return process.dlopen(module, path.toNamespacedPath(filename));
App 3835263 output:                  ^
App 3835263 output: Error: /home/qeji5254/portfolio-back/node_modules/bcrypt/lib/binding/napi-v3/bcrypt_lib.node: invalid ELF header
App 3835263 output:     at Module._extensions..node (node:internal/modules/cjs/loader:1340:18)
App 3835263 output:     at Module.load (node:internal/modules/cjs/loader:1119:32)
App 3835263 output:     at Module._load (node:internal/modules/cjs/loader:960:12)
App 3835263 output:     at Module.require (node:internal/modules/cjs/loader:1143:19)
App 3835263 output:     at Module.require (/opt/cpanel/ea-ruby27/root/usr/share/passenger/helper-scripts/node-loader.js:80:25)
App 3835263 output:     at require (node:internal/modules/cjs/helpers:110:18)
App 3835263 output:     at Object.<anonymous> (/home/qeji5254/portfolio-back/node_modules/bcrypt/bcrypt.js:6:16)
App 3835263 output:     at Module._compile (node:internal/modules/cjs/loader:1256:14)
App 3835263 output:     at Module._extensions..js (node:internal/modules/cjs/loader:1310:10)
App 3835263 output:     at Module.load (node:internal/modules/cjs/loader:1119:32) {
App 3835263 output:   code: 'ERR_DLOPEN_FAILED'
App 3835263 output: }
App 3835263 output: Node.js v18.16.1
App 3860641 output: node:internal/modules/cjs/loader:1080
App 3860641 output:   throw err;
App 3860641 output:   ^
App 3860641 output: Error: Cannot find module 'express'
App 3860641 output: Require stack:
App 3860641 output: - /home/qeji5254/portfolio-back/app.js
App 3860641 output: - /home/qeji5254/portfolio-back/server.js
App 3860641 output: - /opt/cpanel/ea-ruby27/root/usr/share/passenger/helper-scripts/node-loader.js
App 3860641 output:     at Module._resolveFilename (node:internal/modules/cjs/loader:1077:15)
App 3860641 output:     at Module._load (node:internal/modules/cjs/loader:922:27)
App 3860641 output:     at Module.require (node:internal/modules/cjs/loader:1143:19)
App 3860641 output:     at Module.require (/opt/cpanel/ea-ruby27/root/usr/share/passenger/helper-scripts/node-loader.js:80:25)
App 3860641 output:     at require (node:internal/modules/cjs/helpers:110:18)
App 3860641 output:     at Object.<anonymous> (/home/qeji5254/portfolio-back/app.js:1:17)
App 3860641 output:     at Module._compile (node:internal/modules/cjs/loader:1256:14)
App 3860641 output:     at Module._extensions..js (node:internal/modules/cjs/loader:1310:10)
App 3860641 output:     at Module.load (node:internal/modules/cjs/loader:1119:32)
App 3860641 output:     at Module._load (node:internal/modules/cjs/loader:960:12) {
App 3860641 output:   code: 'MODULE_NOT_FOUND',
App 3860641 output:   requireStack: [
App 3860641 output:     '/home/qeji5254/portfolio-back/app.js',
App 3860641 output:     '/home/qeji5254/portfolio-back/server.js',
App 3860641 output:     '/opt/cpanel/ea-ruby27/root/usr/share/passenger/helper-scripts/node-loader.js'
App 3860641 output:   ]
App 3860641 output: }
App 3860641 output: Node.js v18.16.1
App 3863256 output: /home/qeji5254/nodevenv/portfolio-back/18/lib/node_modules/.prisma/client/index.js:43
App 3863256 output:     throw new Error(
App 3863256 output:     ^
App 3863256 output: Error: @prisma/client did not initialize yet. Please run "prisma generate" and try to import it again.
App 3863256 output: In case this error is unexpected for you, please report it in https://github.com/prisma/prisma/issues
App 3863256 output:     at new PrismaClient (/home/qeji5254/nodevenv/portfolio-back/18/lib/node_modules/.prisma/client/index.js:43:11)
App 3863256 output:     at Object.<anonymous> (/home/qeji5254/portfolio-back/app.js:3:16)
App 3863256 output:     at Module._compile (node:internal/modules/cjs/loader:1256:14)
App 3863256 output:     at Module._extensions..js (node:internal/modules/cjs/loader:1310:10)
App 3863256 output:     at Module.load (node:internal/modules/cjs/loader:1119:32)
App 3863256 output:     at Module._load (node:internal/modules/cjs/loader:960:12)
App 3863256 output:     at Module.require (node:internal/modules/cjs/loader:1143:19)
App 3863256 output:     at Module.require (/opt/cpanel/ea-ruby27/root/usr/share/passenger/helper-scripts/node-loader.js:80:25)
App 3863256 output:     at require (node:internal/modules/cjs/helpers:110:18)
App 3863256 output:     at Object.<anonymous> (/home/qeji5254/portfolio-back/server.js:2:13)
App 3863256 output: Node.js v18.16.1
App 3868763 output: /home/qeji5254/nodevenv/portfolio-back/18/lib/node_modules/.prisma/client/index.js:43
App 3868763 output:     throw new Error(
App 3868763 output:     ^
App 3868763 output: Error: @prisma/client did not initialize yet. Please run "prisma generate" and try to import it again.
App 3868763 output: In case this error is unexpected for you, please report it in https://github.com/prisma/prisma/issues
App 3868763 output:     at new PrismaClient (/home/qeji5254/nodevenv/portfolio-back/18/lib/node_modules/.prisma/client/index.js:43:11)
App 3868763 output:     at Object.<anonymous> (/home/qeji5254/portfolio-back/app.js:3:16)
App 3868763 output:     at Module._compile (node:internal/modules/cjs/loader:1256:14)
App 3868763 output:     at Module._extensions..js (node:internal/modules/cjs/loader:1310:10)
App 3868763 output:     at Module.load (node:internal/modules/cjs/loader:1119:32)
App 3868763 output:     at Module._load (node:internal/modules/cjs/loader:960:12)
App 3868763 output:     at Module.require (node:internal/modules/cjs/loader:1143:19)
App 3868763 output:     at Module.require (/opt/cpanel/ea-ruby27/root/usr/share/passenger/helper-scripts/node-loader.js:80:25)
App 3868763 output:     at require (node:internal/modules/cjs/helpers:110:18)
App 3868763 output:     at Object.<anonymous> (/home/qeji5254/portfolio-back/server.js:2:13)
App 3868763 output: Node.js v18.16.1
App 3869066 output: /home/qeji5254/nodevenv/portfolio-back/18/lib/node_modules/.prisma/client/index.js:43
App 3869066 output:     throw new Error(
App 3869066 output:     ^
App 3869066 output: Error: @prisma/client did not initialize yet. Please run "prisma generate" and try to import it again.
App 3869066 output: In case this error is unexpected for you, please report it in https://github.com/prisma/prisma/issues
App 3869066 output:     at new PrismaClient (/home/qeji5254/nodevenv/portfolio-back/18/lib/node_modules/.prisma/client/index.js:43:11)
App 3869066 output:     at Object.<anonymous> (/home/qeji5254/portfolio-back/app.js:3:16)
App 3869066 output:     at Module._compile (node:internal/modules/cjs/loader:1256:14)
App 3869066 output:     at Module._extensions..js (node:internal/modules/cjs/loader:1310:10)
App 3869066 output:     at Module.load (node:internal/modules/cjs/loader:1119:32)
App 3869066 output:     at Module._load (node:internal/modules/cjs/loader:960:12)
App 3869066 output:     at Module.require (node:internal/modules/cjs/loader:1143:19)
App 3869066 output:     at Module.require (/opt/cpanel/ea-ruby27/root/usr/share/passenger/helper-scripts/node-loader.js:80:25)
App 3869066 output:     at require (node:internal/modules/cjs/helpers:110:18)
App 3869066 output:     at Object.<anonymous> (/home/qeji5254/portfolio-back/server.js:2:13)
App 3869066 output: Node.js v18.16.1
App 3925299 output: /home/qeji5254/nodevenv/portfolio-back/18/lib/node_modules/.prisma/client/index.js:43
App 3925299 output:     throw new Error(
App 3925299 output:     ^
App 3925299 output: Error: @prisma/client did not initialize yet. Please run "prisma generate" and try to import it again.
App 3925299 output: In case this error is unexpected for you, please report it in https://github.com/prisma/prisma/issues
App 3925299 output:     at new PrismaClient (/home/qeji5254/nodevenv/portfolio-back/18/lib/node_modules/.prisma/client/index.js:43:11)
App 3925299 output:     at Object.<anonymous> (/home/qeji5254/portfolio-back/app.js:3:16)
App 3925299 output:     at Module._compile (node:internal/modules/cjs/loader:1256:14)
App 3925299 output:     at Module._extensions..js (node:internal/modules/cjs/loader:1310:10)
App 3925299 output:     at Module.load (node:internal/modules/cjs/loader:1119:32)
App 3925299 output:     at Module._load (node:internal/modules/cjs/loader:960:12)
App 3925299 output:     at Module.require (node:internal/modules/cjs/loader:1143:19)
App 3925299 output:     at Module.require (/opt/cpanel/ea-ruby27/root/usr/share/passenger/helper-scripts/node-loader.js:80:25)
App 3925299 output:     at require (node:internal/modules/cjs/helpers:110:18)
App 3925299 output:     at Object.<anonymous> (/home/qeji5254/portfolio-back/server.js:2:13)
App 3925299 output: Node.js v18.16.1
App 3926851 output: /home/qeji5254/nodevenv/portfolio-back/18/lib/node_modules/.prisma/client/index.js:43
App 3926851 output:     throw new Error(
App 3926851 output:     ^
App 3926851 output: Error: @prisma/client did not initialize yet. Please run "prisma generate" and try to import it again.
App 3926851 output: In case this error is unexpected for you, please report it in https://github.com/prisma/prisma/issues
App 3926851 output:     at new PrismaClient (/home/qeji5254/nodevenv/portfolio-back/18/lib/node_modules/.prisma/client/index.js:43:11)
App 3926851 output:     at Object.<anonymous> (/home/qeji5254/portfolio-back/app.js:3:16)
App 3926851 output:     at Module._compile (node:internal/modules/cjs/loader:1256:14)
App 3926851 output:     at Module._extensions..js (node:internal/modules/cjs/loader:1310:10)
App 3926851 output:     at Module.load (node:internal/modules/cjs/loader:1119:32)
App 3926851 output:     at Module._load (node:internal/modules/cjs/loader:960:12)
App 3926851 output:     at Module.require (node:internal/modules/cjs/loader:1143:19)
App 3926851 output:     at Module.require (/opt/cpanel/ea-ruby27/root/usr/share/passenger/helper-scripts/node-loader.js:80:25)
App 3926851 output:     at require (node:internal/modules/cjs/helpers:110:18)
App 3926851 output:     at Object.<anonymous> (/home/qeji5254/portfolio-back/server.js:2:13)
App 3926851 output: Node.js v18.16.1
App 3939643 output: /home/qeji5254/nodevenv/portfolio-back/18/lib/node_modules/.prisma/client/index.js:43
App 3939643 output:     throw new Error(
App 3939643 output:     ^
App 3939643 output: Error: @prisma/client did not initialize yet. Please run "prisma generate" and try to import it again.
App 3939643 output: In case this error is unexpected for you, please report it in https://github.com/prisma/prisma/issues
App 3939643 output:     at new PrismaClient (/home/qeji5254/nodevenv/portfolio-back/18/lib/node_modules/.prisma/client/index.js:43:11)
App 3939643 output:     at Object.<anonymous> (/home/qeji5254/portfolio-back/app.js:3:16)
App 3939643 output:     at Module._compile (node:internal/modules/cjs/loader:1256:14)
App 3939643 output:     at Module._extensions..js (node:internal/modules/cjs/loader:1310:10)
App 3939643 output:     at Module.load (node:internal/modules/cjs/loader:1119:32)
App 3939643 output:     at Module._load (node:internal/modules/cjs/loader:960:12)
App 3939643 output:     at Module.require (node:internal/modules/cjs/loader:1143:19)
App 3939643 output:     at Module.require (/opt/cpanel/ea-ruby27/root/usr/share/passenger/helper-scripts/node-loader.js:80:25)
App 3939643 output:     at require (node:internal/modules/cjs/helpers:110:18)
App 3939643 output:     at Object.<anonymous> (/home/qeji5254/portfolio-back/server.js:2:13)
App 3939643 output: Node.js v18.16.1
App 345394 output: /home/qeji5254/nodevenv/portfolio-back/18/lib/node_modules/.prisma/client/index.js:43
App 345394 output:     throw new Error(
App 345394 output:     ^
App 345394 output: Error: @prisma/client did not initialize yet. Please run "prisma generate" and try to import it again.
App 345394 output: In case this error is unexpected for you, please report it in https://github.com/prisma/prisma/issues
App 345394 output:     at new PrismaClient (/home/qeji5254/nodevenv/portfolio-back/18/lib/node_modules/.prisma/client/index.js:43:11)
App 345394 output:     at Object.<anonymous> (/home/qeji5254/portfolio-back/app.js:3:16)
App 345394 output:     at Module._compile (node:internal/modules/cjs/loader:1256:14)
App 345394 output:     at Module._extensions..js (node:internal/modules/cjs/loader:1310:10)
App 345394 output:     at Module.load (node:internal/modules/cjs/loader:1119:32)
App 345394 output:     at Module._load (node:internal/modules/cjs/loader:960:12)
App 345394 output:     at Module.require (node:internal/modules/cjs/loader:1143:19)
App 345394 output:     at Module.require (/opt/cpanel/ea-ruby27/root/usr/share/passenger/helper-scripts/node-loader.js:80:25)
App 345394 output:     at require (node:internal/modules/cjs/helpers:110:18)
App 345394 output:     at Object.<anonymous> (/home/qeji5254/portfolio-back/server.js:2:13)
App 345394 output: Node.js v18.16.1
App 3719485 output: /home/qeji5254/nodevenv/portfolio-back/18/lib/node_modules/.prisma/client/index.js:43
App 3719485 output:     throw new Error(
App 3719485 output:     ^
App 3719485 output: Error: @prisma/client did not initialize yet. Please run "prisma generate" and try to import it again.
App 3719485 output: In case this error is unexpected for you, please report it in https://github.com/prisma/prisma/issues
App 3719485 output:     at new PrismaClient (/home/qeji5254/nodevenv/portfolio-back/18/lib/node_modules/.prisma/client/index.js:43:11)
App 3719485 output:     at Object.<anonymous> (/home/qeji5254/portfolio-back/app.js:3:16)
App 3719485 output:     at Module._compile (node:internal/modules/cjs/loader:1256:14)
App 3719485 output:     at Module._extensions..js (node:internal/modules/cjs/loader:1310:10)
App 3719485 output:     at Module.load (node:internal/modules/cjs/loader:1119:32)
App 3719485 output:     at Module._load (node:internal/modules/cjs/loader:960:12)
App 3719485 output:     at Module.require (node:internal/modules/cjs/loader:1143:19)
App 3719485 output:     at Module.require (/opt/cpanel/ea-ruby27/root/usr/share/passenger/helper-scripts/node-loader.js:80:25)
App 3719485 output:     at require (node:internal/modules/cjs/helpers:110:18)
App 3719485 output:     at Object.<anonymous> (/home/qeji5254/portfolio-back/server.js:2:13)
App 3719485 output: Node.js v18.16.1
App 244991 output: /home/qeji5254/nodevenv/portfolio-back/18/lib/node_modules/.prisma/client/index.js:43
App 244991 output:     throw new Error(
App 244991 output:     ^
App 244991 output: Error: @prisma/client did not initialize yet. Please run "prisma generate" and try to import it again.
App 244991 output: In case this error is unexpected for you, please report it in https://github.com/prisma/prisma/issues
App 244991 output:     at new PrismaClient (/home/qeji5254/nodevenv/portfolio-back/18/lib/node_modules/.prisma/client/index.js:43:11)
App 244991 output:     at Object.<anonymous> (/home/qeji5254/portfolio-back/app.js:3:16)
App 244991 output:     at Module._compile (node:internal/modules/cjs/loader:1256:14)
App 244991 output:     at Module._extensions..js (node:internal/modules/cjs/loader:1310:10)
App 244991 output:     at Module.load (node:internal/modules/cjs/loader:1119:32)
App 244991 output:     at Module._load (node:internal/modules/cjs/loader:960:12)
App 244991 output:     at Module.require (node:internal/modules/cjs/loader:1143:19)
App 244991 output:     at Module.require (/opt/cpanel/ea-ruby27/root/usr/share/passenger/helper-scripts/node-loader.js:80:25)
App 244991 output:     at require (node:internal/modules/cjs/helpers:119:18)
App 244991 output:     at Object.<anonymous> (/home/qeji5254/portfolio-back/server.js:2:13)
App 244991 output: Node.js v18.18.2
App 245285 output: /home/qeji5254/nodevenv/portfolio-back/18/lib/node_modules/.prisma/client/index.js:43
App 245285 output:     throw new Error(
App 245285 output:     ^
App 245285 output: Error: @prisma/client did not initialize yet. Please run "prisma generate" and try to import it again.
App 245285 output: In case this error is unexpected for you, please report it in https://github.com/prisma/prisma/issues
App 245285 output:     at new PrismaClient (/home/qeji5254/nodevenv/portfolio-back/18/lib/node_modules/.prisma/client/index.js:43:11)
App 245285 output:     at Object.<anonymous> (/home/qeji5254/portfolio-back/app.js:3:16)
App 245285 output:     at Module._compile (node:internal/modules/cjs/loader:1256:14)
App 245285 output:     at Module._extensions..js (node:internal/modules/cjs/loader:1310:10)
App 245285 output:     at Module.load (node:internal/modules/cjs/loader:1119:32)
App 245285 output:     at Module._load (node:internal/modules/cjs/loader:960:12)
App 245285 output:     at Module.require (node:internal/modules/cjs/loader:1143:19)
App 245285 output:     at Module.require (/opt/cpanel/ea-ruby27/root/usr/share/passenger/helper-scripts/node-loader.js:80:25)
App 245285 output:     at require (node:internal/modules/cjs/helpers:119:18)
App 245285 output:     at Object.<anonymous> (/home/qeji5254/portfolio-back/server.js:2:13)
App 245285 output: Node.js v18.18.2
App 1832781 output: /home/qeji5254/nodevenv/portfolio-back/18/lib/node_modules/.prisma/client/index.js:43
App 1832781 output:     throw new Error(
App 1832781 output:     ^
App 1832781 output: Error: @prisma/client did not initialize yet. Please run "prisma generate" and try to import it again.
App 1832781 output: In case this error is unexpected for you, please report it in https://github.com/prisma/prisma/issues
App 1832781 output:     at new PrismaClient (/home/qeji5254/nodevenv/portfolio-back/18/lib/node_modules/.prisma/client/index.js:43:11)
App 1832781 output:     at Object.<anonymous> (/home/qeji5254/portfolio-back/app.js:3:16)
App 1832781 output:     at Module._compile (node:internal/modules/cjs/loader:1256:14)
App 1832781 output:     at Module._extensions..js (node:internal/modules/cjs/loader:1310:10)
App 1832781 output:     at Module.load (node:internal/modules/cjs/loader:1119:32)
App 1832781 output:     at Module._load (node:internal/modules/cjs/loader:960:12)
App 1832781 output:     at Module.require (node:internal/modules/cjs/loader:1143:19)
App 1832781 output:     at Module.require (/opt/cpanel/ea-ruby27/root/usr/share/passenger/helper-scripts/node-loader.js:80:25)
App 1832781 output:     at require (node:internal/modules/cjs/helpers:119:18)
App 1832781 output:     at Object.<anonymous> (/home/qeji5254/portfolio-back/server.js:2:13)
App 1832781 output: Node.js v18.18.2
App 1833055 output: /home/qeji5254/nodevenv/portfolio-back/18/lib/node_modules/.prisma/client/index.js:43
App 1833055 output:     throw new Error(
App 1833055 output:     ^
App 1833055 output: Error: @prisma/client did not initialize yet. Please run "prisma generate" and try to import it again.
App 1833055 output: In case this error is unexpected for you, please report it in https://github.com/prisma/prisma/issues
App 1833055 output:     at new PrismaClient (/home/qeji5254/nodevenv/portfolio-back/18/lib/node_modules/.prisma/client/index.js:43:11)
App 1833055 output:     at Object.<anonymous> (/home/qeji5254/portfolio-back/app.js:3:16)
App 1833055 output:     at Module._compile (node:internal/modules/cjs/loader:1256:14)
App 1833055 output:     at Module._extensions..js (node:internal/modules/cjs/loader:1310:10)
App 1833055 output:     at Module.load (node:internal/modules/cjs/loader:1119:32)
App 1833055 output:     at Module._load (node:internal/modules/cjs/loader:960:12)
App 1833055 output:     at Module.require (node:internal/modules/cjs/loader:1143:19)
App 1833055 output:     at Module.require (/opt/cpanel/ea-ruby27/root/usr/share/passenger/helper-scripts/node-loader.js:80:25)
App 1833055 output:     at require (node:internal/modules/cjs/helpers:119:18)
App 1833055 output:     at Object.<anonymous> (/home/qeji5254/portfolio-back/server.js:2:13)
App 1833055 output: Node.js v18.18.2
App 1871443 output: /home/qeji5254/nodevenv/portfolio-back/18/lib/node_modules/.prisma/client/index.js:43
App 1871443 output:     throw new Error(
App 1871443 output:     ^
App 1871443 output: Error: @prisma/client did not initialize yet. Please run "prisma generate" and try to import it again.
App 1871443 output: In case this error is unexpected for you, please report it in https://github.com/prisma/prisma/issues
App 1871443 output:     at new PrismaClient (/home/qeji5254/nodevenv/portfolio-back/18/lib/node_modules/.prisma/client/index.js:43:11)
App 1871443 output:     at Object.<anonymous> (/home/qeji5254/portfolio-back/app.js:3:16)
App 1871443 output:     at Module._compile (node:internal/modules/cjs/loader:1256:14)
App 1871443 output:     at Module._extensions..js (node:internal/modules/cjs/loader:1310:10)
App 1871443 output:     at Module.load (node:internal/modules/cjs/loader:1119:32)
App 1871443 output:     at Module._load (node:internal/modules/cjs/loader:960:12)
App 1871443 output:     at Module.require (node:internal/modules/cjs/loader:1143:19)
App 1871443 output:     at Module.require (/opt/cpanel/ea-ruby27/root/usr/share/passenger/helper-scripts/node-loader.js:80:25)
App 1871443 output:     at require (node:internal/modules/cjs/helpers:119:18)
App 1871443 output:     at Object.<anonymous> (/home/qeji5254/portfolio-back/server.js:2:13)
App 1871443 output: Node.js v18.18.2
App 1934893 output: /home/qeji5254/nodevenv/portfolio-back/18/lib/node_modules/.prisma/client/index.js:43
App 1934893 output:     throw new Error(
App 1934893 output:     ^
App 1934893 output: Error: @prisma/client did not initialize yet. Please run "prisma generate" and try to import it again.
App 1934893 output: In case this error is unexpected for you, please report it in https://github.com/prisma/prisma/issues
App 1934893 output:     at new PrismaClient (/home/qeji5254/nodevenv/portfolio-back/18/lib/node_modules/.prisma/client/index.js:43:11)
App 1934893 output:     at Object.<anonymous> (/home/qeji5254/portfolio-back/app.js:3:16)
App 1934893 output:     at Module._compile (node:internal/modules/cjs/loader:1256:14)
App 1934893 output:     at Module._extensions..js (node:internal/modules/cjs/loader:1310:10)
App 1934893 output:     at Module.load (node:internal/modules/cjs/loader:1119:32)
App 1934893 output:     at Module._load (node:internal/modules/cjs/loader:960:12)
App 1934893 output:     at Module.require (node:internal/modules/cjs/loader:1143:19)
App 1934893 output:     at Module.require (/opt/cpanel/ea-ruby27/root/usr/share/passenger/helper-scripts/node-loader.js:80:25)
App 1934893 output:     at require (node:internal/modules/cjs/helpers:119:18)
App 1934893 output:     at Object.<anonymous> (/home/qeji5254/portfolio-back/server.js:2:13)
App 1934893 output: Node.js v18.18.2
App 1976599 output: /home/qeji5254/nodevenv/portfolio-back/18/lib/node_modules/.prisma/client/index.js:43
App 1976599 output:     throw new Error(
App 1976599 output:     ^
App 1976599 output: Error: @prisma/client did not initialize yet. Please run "prisma generate" and try to import it again.
App 1976599 output: In case this error is unexpected for you, please report it in https://github.com/prisma/prisma/issues
App 1976599 output:     at new PrismaClient (/home/qeji5254/nodevenv/portfolio-back/18/lib/node_modules/.prisma/client/index.js:43:11)
App 1976599 output:     at Object.<anonymous> (/home/qeji5254/portfolio-back/app.js:3:16)
App 1976599 output:     at Module._compile (node:internal/modules/cjs/loader:1256:14)
App 1976599 output:     at Module._extensions..js (node:internal/modules/cjs/loader:1310:10)
App 1976599 output:     at Module.load (node:internal/modules/cjs/loader:1119:32)
App 1976599 output:     at Module._load (node:internal/modules/cjs/loader:960:12)
App 1976599 output:     at Module.require (node:internal/modules/cjs/loader:1143:19)
App 1976599 output:     at Module.require (/opt/cpanel/ea-ruby27/root/usr/share/passenger/helper-scripts/node-loader.js:80:25)
App 1976599 output:     at require (node:internal/modules/cjs/helpers:119:18)
App 1976599 output:     at Object.<anonymous> (/home/qeji5254/portfolio-back/server.js:2:13)
App 1976599 output: Node.js v18.18.2
App 1978045 output: /home/qeji5254/nodevenv/portfolio-back/18/lib/node_modules/.prisma/client/index.js:43
App 1978045 output:     throw new Error(
App 1978045 output:     ^
App 1978045 output: Error: @prisma/client did not initialize yet. Please run "prisma generate" and try to import it again.
App 1978045 output: In case this error is unexpected for you, please report it in https://github.com/prisma/prisma/issues
App 1978045 output:     at new PrismaClient (/home/qeji5254/nodevenv/portfolio-back/18/lib/node_modules/.prisma/client/index.js:43:11)
App 1978045 output:     at Object.<anonymous> (/home/qeji5254/portfolio-back/app.js:3:16)
App 1978045 output:     at Module._compile (node:internal/modules/cjs/loader:1256:14)
App 1978045 output:     at Module._extensions..js (node:internal/modules/cjs/loader:1310:10)
App 1978045 output:     at Module.load (node:internal/modules/cjs/loader:1119:32)
App 1978045 output:     at Module._load (node:internal/modules/cjs/loader:960:12)
App 1978045 output:     at Module.require (node:internal/modules/cjs/loader:1143:19)
App 1978045 output:     at Module.require (/opt/cpanel/ea-ruby27/root/usr/share/passenger/helper-scripts/node-loader.js:80:25)
App 1978045 output:     at require (node:internal/modules/cjs/helpers:119:18)
App 1978045 output:     at Object.<anonymous> (/home/qeji5254/portfolio-back/server.js:2:13)
App 1978045 output: Node.js v18.18.2
App 1990754 output: /home/qeji5254/nodevenv/portfolio-back/18/lib/node_modules/.prisma/client/index.js:43
App 1990754 output:     throw new Error(
App 1990754 output:     ^
App 1990754 output: Error: @prisma/client did not initialize yet. Please run "prisma generate" and try to import it again.
App 1990754 output: In case this error is unexpected for you, please report it in https://github.com/prisma/prisma/issues
App 1990754 output:     at new PrismaClient (/home/qeji5254/nodevenv/portfolio-back/18/lib/node_modules/.prisma/client/index.js:43:11)
App 1990754 output:     at Object.<anonymous> (/home/qeji5254/portfolio-back/app.js:3:16)
App 1990754 output:     at Module._compile (node:internal/modules/cjs/loader:1256:14)
App 1990754 output:     at Module._extensions..js (node:internal/modules/cjs/loader:1310:10)
App 1990754 output:     at Module.load (node:internal/modules/cjs/loader:1119:32)
App 1990754 output:     at Module._load (node:internal/modules/cjs/loader:960:12)
App 1990754 output:     at Module.require (node:internal/modules/cjs/loader:1143:19)
App 1990754 output:     at Module.require (/opt/cpanel/ea-ruby27/root/usr/share/passenger/helper-scripts/node-loader.js:80:25)
App 1990754 output:     at require (node:internal/modules/cjs/helpers:119:18)
App 1990754 output:     at Object.<anonymous> (/home/qeji5254/portfolio-back/server.js:2:13)
App 1990754 output: Node.js v18.18.2
